Validating found git in: git
Using git 2.20.1 from git
> git rev-parse --git-dir
Open repository: /home/salazarylizanicole/assignment_8
> git status -z -u
> git symbolic-ref --short HEAD
> git for-each-ref --format=%(refname)%00%(upstream:short)%00%(objectname)%00%(upstream:track) refs/heads/master refs/remotes/master
> git for-each-ref --sort -committerdate --format %(refname) %(objectname) %(*objectname)
> git remote --verbose
Warning: Failed to watch ref '/home/salazarylizanicole/assignment_8/.git/refs/remotes/origin/master', is most likely packed.
> git config --get commit.template
> git check-ignore -v -z --stdin
> git check-ignore -v -z --stdin
> git show --textconv :assignment_8/first.py
> git ls-files --stage -- /home/salazarylizanicole/assignment_8/assignment_8/first.py
> git cat-file -s bd5920dfce2d715211fe96a048b1fcaf96ee3226
> git show --textconv :second.py
> git ls-files --stage -- /home/salazarylizanicole/assignment_8/second.py
> git check-ignore -v -z --stdin
> git status -z -u
> git symbolic-ref --short HEAD
> git for-each-ref --format=%(refname)%00%(upstream:short)%00%(objectname)%00%(upstream:track) refs/heads/master refs/remotes/master
> git for-each-ref --sort -committerdate --format %(refname) %(objectname) %(*objectname)
> git remote --verbose
Warning: Failed to watch ref '/home/salazarylizanicole/assignment_8/.git/refs/remotes/origin/master', is most likely packed.
> git config --get commit.template
